2024-11-28 04:25:47 - HikariPool-1 - Thread starvation or clock leap detected (housekeeper delta=1d4m11s181ms969µs100ns).
2024-11-28 04:36:52 - Received jacket data: name=Paka Rabana, brand=Brand PR, price=199.99, size=M, material=COTTON, color=BLUE, hasHood=true
2024-11-28 04:36:59 - Received jacket data: name=Paka Rabana, brand=Brand PR, price=199.99, size=M, material=COTTON, color=BLUE, hasHood=true
2024-11-28 04:48:50 - Closing JPA EntityManagerFactory for persistence unit 'default'
2024-11-28 04:48:50 - HikariPool-1 - Shutdown initiated...
2024-11-28 04:48:50 - HikariPool-1 - Shutdown completed.
2024-11-28 05:46:53 - Starting ClothingStoreSpringApplication using Java 17.0.13 with PID 23988 (C:\Users\Administrator\IdeaProjects\ClothingStoreSpringA2\target\classes started by Administrator in C:\Users\Administrator\IdeaProjects\ClothingStoreSpringA2)
2024-11-28 05:46:53 - No active profile set, falling back to 1 default profile: "default"
2024-11-28 05:46:54 - Bootstrapping Spring Data JPA repositories in DEFAULT mode.
2024-11-28 05:46:54 - Finished Spring Data repository scanning in 74 ms. Found 9 JPA repository interfaces.
2024-11-28 05:46:55 - Tomcat initialized with port 8080 (http)
2024-11-28 05:46:55 - Starting service [Tomcat]
2024-11-28 05:46:55 - Starting Servlet engine: [Apache Tomcat/10.1.30]
2024-11-28 05:46:55 - Initializing Spring embedded WebApplicationContext
2024-11-28 05:46:55 - Root WebApplicationContext: initialization completed in 1912 ms
2024-11-28 05:46:55 - HikariPool-1 - Starting...
2024-11-28 05:46:55 - HikariPool-1 - Added connection org.postgresql.jdbc.PgConnection@433d9680
2024-11-28 05:46:55 - HikariPool-1 - Start completed.
2024-11-28 05:46:56 - Reading from public.databasechangelog
2024-11-28 05:46:56 - Database is up to date, no changesets to execute
2024-11-28 05:46:56 - Reading from public.databasechangelog
2024-11-28 05:46:56 - UPDATE SUMMARY
2024-11-28 05:46:56 - Run:                          0
2024-11-28 05:46:56 - Previously run:               3
2024-11-28 05:46:56 - Filtered out:                 0
2024-11-28 05:46:56 - -------------------------------
2024-11-28 05:46:56 - Total change sets:            3
2024-11-28 05:46:56 - Update summary generated
2024-11-28 05:46:56 - Successfully released change log lock
2024-11-28 05:46:56 - Command execution complete
2024-11-28 05:46:56 - HHH000204: Processing PersistenceUnitInfo [name: default]
2024-11-28 05:46:56 - HHH000412: Hibernate ORM core version 6.5.3.Final
2024-11-28 05:46:56 - HHH000026: Second-level cache disabled
2024-11-28 05:46:56 - No LoadTimeWeaver setup: ignoring JPA class transformer
2024-11-28 05:46:56 - HHH90000025: PostgreSQLDialect does not need to be specified explicitly using 'hibernate.dialect' (remove the property setting and it will be selected by default)
2024-11-28 05:46:57 - HHH000489: No JTA platform available (set 'hibernate.transaction.jta.platform' to enable JTA platform integration)
2024-11-28 05:46:57 - Initialized JPA EntityManagerFactory for persistence unit 'default'
2024-11-28 05:46:58 - spring.jpa.open-in-view is enabled by default. Therefore, database queries may be performed during view rendering. Explicitly configure spring.jpa.open-in-view to disable this warning
2024-11-28 05:46:58 - Global AuthenticationManager configured with AuthenticationProvider bean with name authenticationProvider
2024-11-28 05:46:58 - Global AuthenticationManager configured with an AuthenticationProvider bean. UserDetailsService beans will not be used for username/password login. Consider removing the AuthenticationProvider bean. Alternatively, consider using the UserDetailsService in a manually instantiated DaoAuthenticationProvider.
2024-11-28 05:46:58 - Tomcat started on port 8080 (http) with context path '/'
2024-11-28 05:46:58 - Started ClothingStoreSpringApplication in 6.106 seconds (process running for 7.325)
2024-11-28 05:47:03 - Initializing Spring DispatcherServlet 'dispatcherServlet'
2024-11-28 05:47:03 - Initializing Servlet 'dispatcherServlet'
2024-11-28 05:47:03 - Completed initialization in 1 ms
2024-11-28 05:47:03 - Received pants data: name=Pants Rants, brand=Brand PRPants, price=22.99, size=M, material=COTTON, color=BLUE
2024-11-28 05:47:03 - SQL Error: 0, SQLState: 42703
2024-11-28 05:47:03 - ERROR: column "color" of relation "pants" does not exist
  Position: 26
2024-11-28 05:47:03 - Неизвестная ошибка: could not execute statement [ERROR: column "color" of relation "pants" does not exist
  Position: 26] [insert into pants (brand,color,material,name,price,size) values (?,?,?,?,?,?) returning id]; SQL [insert into pants (brand,color,material,name,price,size) values (?,?,?,?,?,?) returning id]
2024-11-28 05:52:53 - Closing JPA EntityManagerFactory for persistence unit 'default'
2024-11-28 05:52:53 - HikariPool-1 - Shutdown initiated...
2024-11-28 05:52:53 - HikariPool-1 - Shutdown completed.
2024-11-28 05:52:56 - Starting ClothingStoreSpringApplication using Java 17.0.13 with PID 6236 (C:\Users\Administrator\IdeaProjects\ClothingStoreSpringA2\target\classes started by Administrator in C:\Users\Administrator\IdeaProjects\ClothingStoreSpringA2)
2024-11-28 05:52:56 - No active profile set, falling back to 1 default profile: "default"
2024-11-28 05:52:56 - Bootstrapping Spring Data JPA repositories in DEFAULT mode.
2024-11-28 05:52:56 - Finished Spring Data repository scanning in 74 ms. Found 9 JPA repository interfaces.
2024-11-28 05:52:57 - Tomcat initialized with port 8080 (http)
2024-11-28 05:52:57 - Starting service [Tomcat]
2024-11-28 05:52:57 - Starting Servlet engine: [Apache Tomcat/10.1.30]
2024-11-28 05:52:57 - Initializing Spring embedded WebApplicationContext
2024-11-28 05:52:57 - Root WebApplicationContext: initialization completed in 1339 ms
2024-11-28 05:52:57 - HikariPool-1 - Starting...
2024-11-28 05:52:57 - HikariPool-1 - Added connection org.postgresql.jdbc.PgConnection@2b73bd6b
2024-11-28 05:52:57 - HikariPool-1 - Start completed.
2024-11-28 05:52:58 - Reading from public.databasechangelog
2024-11-28 05:52:58 - Change failed validation!
2024-11-28 05:52:58 - Logging exception.
2024-11-28 05:52:58 - ERROR: Exception Details
2024-11-28 05:52:58 - ERROR: Exception Primary Class:  ValidationFailedException
2024-11-28 05:52:58 - ERROR: Exception Primary Reason:  Validation Failed:
     1 changesets check sum
          db/changelog/sql/init-script-db.sql::init_script_DB::Owl was: 9:782aa47b4e122653f6d0a8b3890a64cc but is now: 9:1f871f7f3010954704fe78a8c91b22ef

2024-11-28 05:52:58 - ERROR: Exception Primary Source:  4.27.0
2024-11-28 05:52:58 - Command execution complete
2024-11-28 05:52:58 - Exception encountered during context initialization - cancelling refresh attempt: org.springframework.beans.factory.BeanCreationException: Error creating bean with name 'entityManagerFactory' defined in class path resource [org/springframework/boot/autoconfigure/orm/jpa/HibernateJpaConfiguration.class]: Failed to initialize dependency 'liquibase' of LoadTimeWeaverAware bean 'entityManagerFactory': Error creating bean with name 'liquibase' defined in class path resource [org/springframework/boot/autoconfigure/liquibase/LiquibaseAutoConfiguration$LiquibaseConfiguration.class]: liquibase.exception.CommandExecutionException: liquibase.exception.ValidationFailedException: Validation Failed:
     1 changesets check sum
          db/changelog/sql/init-script-db.sql::init_script_DB::Owl was: 9:782aa47b4e122653f6d0a8b3890a64cc but is now: 9:1f871f7f3010954704fe78a8c91b22ef

2024-11-28 05:52:58 - HikariPool-1 - Shutdown initiated...
2024-11-28 05:52:58 - HikariPool-1 - Shutdown completed.
2024-11-28 05:52:58 - Stopping service [Tomcat]
2024-11-28 05:52:58 - 

Error starting ApplicationContext. To display the condition evaluation report re-run your application with 'debug' enabled.
2024-11-28 05:52:58 - Application run failed
org.springframework.beans.factory.BeanCreationException: Error creating bean with name 'entityManagerFactory' defined in class path resource [org/springframework/boot/autoconfigure/orm/jpa/HibernateJpaConfiguration.class]: Failed to initialize dependency 'liquibase' of LoadTimeWeaverAware bean 'entityManagerFactory': Error creating bean with name 'liquibase' defined in class path resource [org/springframework/boot/autoconfigure/liquibase/LiquibaseAutoConfiguration$LiquibaseConfiguration.class]: liquibase.exception.CommandExecutionException: liquibase.exception.ValidationFailedException: Validation Failed:
     1 changesets check sum
          db/changelog/sql/init-script-db.sql::init_script_DB::Owl was: 9:782aa47b4e122653f6d0a8b3890a64cc but is now: 9:1f871f7f3010954704fe78a8c91b22ef

	at org.springframework.beans.factory.support.AbstractBeanFactory.doGetBean(AbstractBeanFactory.java:326)
	at org.springframework.beans.factory.support.AbstractBeanFactory.getBean(AbstractBeanFactory.java:205)
	at org.springframework.context.support.AbstractApplicationContext.finishBeanFactoryInitialization(AbstractApplicationContext.java:954)
	at org.springframework.context.support.AbstractApplicationContext.refresh(AbstractApplicationContext.java:625)
	at org.springframework.boot.web.servlet.context.ServletWebServerApplicationContext.refresh(ServletWebServerApplicationContext.java:146)
	at org.springframework.boot.SpringApplication.refresh(SpringApplication.java:754)
	at org.springframework.boot.SpringApplication.refreshContext(SpringApplication.java:456)
	at org.springframework.boot.SpringApplication.run(SpringApplication.java:335)
	at org.springframework.boot.SpringApplication.run(SpringApplication.java:1363)
	at org.springframework.boot.SpringApplication.run(SpringApplication.java:1352)
	at org.example.clothingstorespring.ClothingStoreSpringApplication.main(ClothingStoreSpringApplication.java:10)
Caused by: org.springframework.beans.factory.BeanCreationException: Error creating bean with name 'liquibase' defined in class path resource [org/springframework/boot/autoconfigure/liquibase/LiquibaseAutoConfiguration$LiquibaseConfiguration.class]: liquibase.exception.CommandExecutionException: liquibase.exception.ValidationFailedException: Validation Failed:
     1 changesets check sum
          db/changelog/sql/init-script-db.sql::init_script_DB::Owl was: 9:782aa47b4e122653f6d0a8b3890a64cc but is now: 9:1f871f7f3010954704fe78a8c91b22ef

	at org.springframework.beans.factory.support.AbstractAutowireCapableBeanFactory.initializeBean(AbstractAutowireCapableBeanFactory.java:1806)
	at org.springframework.beans.factory.support.AbstractAutowireCapableBeanFactory.doCreateBean(AbstractAutowireCapableBeanFactory.java:600)
	at org.springframework.beans.factory.support.AbstractAutowireCapableBeanFactory.createBean(AbstractAutowireCapableBeanFactory.java:522)
	at org.springframework.beans.factory.support.AbstractBeanFactory.lambda$doGetBean$0(AbstractBeanFactory.java:337)
	at org.springframework.beans.factory.support.DefaultSingletonBeanRegistry.getSingleton(DefaultSingletonBeanRegistry.java:234)
	at org.springframework.beans.factory.support.AbstractBeanFactory.doGetBean(AbstractBeanFactory.java:335)
	at org.springframework.beans.factory.support.AbstractBeanFactory.getBean(AbstractBeanFactory.java:200)
	at org.springframework.beans.factory.support.AbstractBeanFactory.doGetBean(AbstractBeanFactory.java:313)
	... 10 common frames omitted
Caused by: liquibase.exception.UnexpectedLiquibaseException: liquibase.exception.CommandExecutionException: liquibase.exception.ValidationFailedException: Validation Failed:
     1 changesets check sum
          db/changelog/sql/init-script-db.sql::init_script_DB::Owl was: 9:782aa47b4e122653f6d0a8b3890a64cc but is now: 9:1f871f7f3010954704fe78a8c91b22ef

	at liquibase.integration.spring.SpringLiquibase.afterPropertiesSet(SpringLiquibase.java:259)
	at org.springframework.beans.factory.support.AbstractAutowireCapableBeanFactory.invokeInitMethods(AbstractAutowireCapableBeanFactory.java:1853)
	at org.springframework.beans.factory.support.AbstractAutowireCapableBeanFactory.initializeBean(AbstractAutowireCapableBeanFactory.java:1802)
	... 17 common frames omitted
Caused by: liquibase.exception.CommandExecutionException: liquibase.exception.ValidationFailedException: Validation Failed:
     1 changesets check sum
          db/changelog/sql/init-script-db.sql::init_script_DB::Owl was: 9:782aa47b4e122653f6d0a8b3890a64cc but is now: 9:1f871f7f3010954704fe78a8c91b22ef

	at liquibase.command.CommandScope.execute(CommandScope.java:257)
	at liquibase.Liquibase.lambda$update$0(Liquibase.java:245)
	at liquibase.Scope.lambda$child$0(Scope.java:190)
	at liquibase.Scope.child(Scope.java:199)
	at liquibase.Scope.child(Scope.java:189)
	at liquibase.Scope.child(Scope.java:168)
	at liquibase.Liquibase.runInScope(Liquibase.java:1436)
	at liquibase.Liquibase.update(Liquibase.java:234)
	at liquibase.Liquibase.update(Liquibase.java:212)
	at liquibase.integration.spring.SpringLiquibase.performUpdate(SpringLiquibase.java:297)
	at liquibase.integration.spring.SpringLiquibase.lambda$afterPropertiesSet$0(SpringLiquibase.java:249)
	at liquibase.Scope.lambda$child$0(Scope.java:190)
	at liquibase.Scope.child(Scope.java:199)
	at liquibase.Scope.child(Scope.java:189)
	at liquibase.Scope.child(Scope.java:168)
	at liquibase.Scope.child(Scope.java:256)
	at liquibase.integration.spring.SpringLiquibase.afterPropertiesSet(SpringLiquibase.java:242)
	... 19 common frames omitted
Caused by: liquibase.exception.ValidationFailedException: Validation Failed:
     1 changesets check sum
          db/changelog/sql/init-script-db.sql::init_script_DB::Owl was: 9:782aa47b4e122653f6d0a8b3890a64cc but is now: 9:1f871f7f3010954704fe78a8c91b22ef

	at liquibase.changelog.DatabaseChangeLog.validate(DatabaseChangeLog.java:358)
	at liquibase.command.core.helpers.DatabaseChangelogCommandStep.run(DatabaseChangelogCommandStep.java:92)
	at liquibase.command.CommandScope.execute(CommandScope.java:219)
	... 35 common frames omitted
2024-11-28 05:54:00 - Starting ClothingStoreSpringApplication using Java 17.0.13 with PID 9972 (C:\Users\Administrator\IdeaProjects\ClothingStoreSpringA2\target\classes started by Administrator in C:\Users\Administrator\IdeaProjects\ClothingStoreSpringA2)
2024-11-28 05:54:00 - No active profile set, falling back to 1 default profile: "default"
2024-11-28 05:54:00 - Bootstrapping Spring Data JPA repositories in DEFAULT mode.
2024-11-28 05:54:00 - Finished Spring Data repository scanning in 72 ms. Found 9 JPA repository interfaces.
2024-11-28 05:54:01 - Tomcat initialized with port 8080 (http)
2024-11-28 05:54:01 - Starting service [Tomcat]
2024-11-28 05:54:01 - Starting Servlet engine: [Apache Tomcat/10.1.30]
2024-11-28 05:54:01 - Initializing Spring embedded WebApplicationContext
2024-11-28 05:54:01 - Root WebApplicationContext: initialization completed in 1282 ms
2024-11-28 05:54:01 - HikariPool-1 - Starting...
2024-11-28 05:54:01 - HikariPool-1 - Added connection org.postgresql.jdbc.PgConnection@157d3a45
2024-11-28 05:54:01 - HikariPool-1 - Start completed.
2024-11-28 05:54:02 - Reading from public.databasechangelog
2024-11-28 05:54:02 - Successfully acquired change log lock
2024-11-28 05:54:02 - Using deploymentId: 2802042105
2024-11-28 05:54:02 - Reading from public.databasechangelog
2024-11-28 05:54:02 - Running Changeset: db/changelog/sql/init-script-db.sql::init_script_DB::Owl
2024-11-28 05:54:02 - Custom SQL executed
2024-11-28 05:54:02 - ChangeSet db/changelog/sql/init-script-db.sql::init_script_DB::Owl ran successfully in 100ms
2024-11-28 05:54:02 - Running Changeset: db/changelog/sql/orders-payments.sql::init1_script_DB::Owl
2024-11-28 05:54:02 - Custom SQL executed
2024-11-28 05:54:02 - ChangeSet db/changelog/sql/orders-payments.sql::init1_script_DB::Owl ran successfully in 21ms
2024-11-28 05:54:02 - Running Changeset: db/changelog/sql/deliveries-script-db.sql::added::Owl
2024-11-28 05:54:02 - Custom SQL executed
2024-11-28 05:54:02 - ChangeSet db/changelog/sql/deliveries-script-db.sql::added::Owl ran successfully in 9ms
2024-11-28 05:54:02 - UPDATE SUMMARY
2024-11-28 05:54:02 - Run:                          3
2024-11-28 05:54:02 - Previously run:               0
2024-11-28 05:54:02 - Filtered out:                 0
2024-11-28 05:54:02 - -------------------------------
2024-11-28 05:54:02 - Total change sets:            3
2024-11-28 05:54:02 - Update summary generated
2024-11-28 05:54:02 - Update command completed successfully.
2024-11-28 05:54:02 - Liquibase: Update has been successful. Rows affected: 47
2024-11-28 05:54:02 - Successfully released change log lock
2024-11-28 05:54:02 - Command execution complete
2024-11-28 05:54:02 - HHH000204: Processing PersistenceUnitInfo [name: default]
2024-11-28 05:54:02 - HHH000412: Hibernate ORM core version 6.5.3.Final
2024-11-28 05:54:02 - HHH000026: Second-level cache disabled
2024-11-28 05:54:02 - No LoadTimeWeaver setup: ignoring JPA class transformer
2024-11-28 05:54:02 - HHH90000025: PostgreSQLDialect does not need to be specified explicitly using 'hibernate.dialect' (remove the property setting and it will be selected by default)
2024-11-28 05:54:03 - HHH000489: No JTA platform available (set 'hibernate.transaction.jta.platform' to enable JTA platform integration)
2024-11-28 05:54:03 - Initialized JPA EntityManagerFactory for persistence unit 'default'
2024-11-28 05:54:04 - spring.jpa.open-in-view is enabled by default. Therefore, database queries may be performed during view rendering. Explicitly configure spring.jpa.open-in-view to disable this warning
2024-11-28 05:54:04 - Global AuthenticationManager configured with AuthenticationProvider bean with name authenticationProvider
2024-11-28 05:54:04 - Global AuthenticationManager configured with an AuthenticationProvider bean. UserDetailsService beans will not be used for username/password login. Consider removing the AuthenticationProvider bean. Alternatively, consider using the UserDetailsService in a manually instantiated DaoAuthenticationProvider.
2024-11-28 05:54:04 - Tomcat started on port 8080 (http) with context path '/'
2024-11-28 05:54:04 - Started ClothingStoreSpringApplication in 5.164 seconds (process running for 5.734)
2024-11-28 05:54:20 - Initializing Spring DispatcherServlet 'dispatcherServlet'
2024-11-28 05:54:20 - Initializing Servlet 'dispatcherServlet'
2024-11-28 05:54:20 - Completed initialization in 1 ms
2024-11-28 05:54:20 - Received pants data: name=Pants Rants, brand=Brand PRPants, price=22.99, size=M, material=COTTON, color=BLUE
2024-11-28 05:54:20 - Ошибка при добавлении куртки: No enum constant org.example.clothingstorespring.model.Size.BLUE
2024-11-28 05:56:46 - Closing JPA EntityManagerFactory for persistence unit 'default'
2024-11-28 05:56:46 - HikariPool-1 - Shutdown initiated...
2024-11-28 05:56:46 - HikariPool-1 - Shutdown completed.
